[gio 15 mag 2025, 11:00:02, CEST] - Sincronizzazione effettuata
[gio 15 mag 2025, 12:00:02, CEST] - Sincronizzazione effettuata
[gio 15 mag 2025, 13:00:02, CEST] - Sincronizzazione effettuata
[gio 15 mag 2025, 14:00:03, CEST] - Sincronizzazione effettuata
[gio 15 mag 2025, 15:00:03, CEST] - Sincronizzazione effettuata
[gio 15 mag 2025, 16:00:03, CEST] - Sincronizzazione effettuata
[gio 15 mag 2025, 17:00:03, CEST] - Sincronizzazione effettuata
[gio 15 mag 2025, 18:00:03, CEST] - Sincronizzazione effettuata
[gio 15 mag 2025, 19:00:03, CEST] - Sincronizzazione effettuata
[gio 15 mag 2025, 20:00:03, CEST] - Sincronizzazione effettuata
[gio 15 mag 2025, 21:00:03, CEST] - Sincronizzazione effettuata
[gio 15 mag 2025, 22:00:03, CEST] - Sincronizzazione effettuata
[gio 15 mag 2025, 23:00:02, CEST] - Sincronizzazione effettuata
[ven 16 mag 2025, 00:00:02, CEST] - Sincronizzazione effettuata
[ven 16 mag 2025, 01:00:03, CEST] - Sincronizzazione effettuata
[ven 16 mag 2025, 02:00:03, CEST] - Sincronizzazione effettuata
[ven 16 mag 2025, 03:00:03, CEST] - Sincronizzazione effettuata
[ven 16 mag 2025, 04:00:02, CEST] - Sincronizzazione effettuata
[ven 16 mag 2025, 05:00:05, CEST] - Sincronizzazione effettuata
[ven 16 mag 2025, 06:00:03, CEST] - Sincronizzazione effettuata
[ven 16 mag 2025, 07:00:02, CEST] - Sincronizzazione effettuata
[ven 16 mag 2025, 08:00:03, CEST] - Sincronizzazione effettuata
[ven 16 mag 2025, 09:00:03, CEST] - Sincronizzazione effettuata
[ven 16 mag 2025, 10:00:02, CEST] - Sincronizzazione effettuata
[ven 16 mag 2025, 11:00:02, CEST] - Sincronizzazione effettuata
[ven 16 mag 2025, 12:00:03, CEST] - Sincronizzazione effettuata
[ven 16 mag 2025, 13:00:03, CEST] - Sincronizzazione effettuata
[ven 16 mag 2025, 14:00:03, CEST] - Sincronizzazione effettuata
[ven 16 mag 2025, 15:00:03, CEST] - Sincronizzazione effettuata
[ven 16 mag 2025, 16:00:02, CEST] - Sincronizzazione effettuata
[ven 16 mag 2025, 17:00:02, CEST] - Sincronizzazione effettuata
[ven 16 mag 2025, 18:00:03, CEST] - Sincronizzazione effettuata
[ven 16 mag 2025, 19:00:03, CEST] - Sincronizzazione effettuata
[ven 16 mag 2025, 20:00:03, CEST] - Sincronizzazione effettuata
[ven 16 mag 2025, 21:00:03, CEST] - Sincronizzazione effettuata
[ven 16 mag 2025, 22:00:03, CEST] - Sincronizzazione effettuata
[ven 16 mag 2025, 23:00:03, CEST] - Sincronizzazione effettuata
[sab 17 mag 2025, 00:00:03, CEST] - Sincronizzazione effettuata
[sab 17 mag 2025, 01:00:03, CEST] - Sincronizzazione effettuata
[sab 17 mag 2025, 02:00:03, CEST] - Sincronizzazione effettuata
[sab 17 mag 2025, 03:00:03, CEST] - Sincronizzazione effettuata
[sab 17 mag 2025, 04:00:03, CEST] - Sincronizzazione effettuata
[sab 17 mag 2025, 05:00:03, CEST] - Sincronizzazione effettuata
[sab 17 mag 2025, 06:00:03, CEST] - Sincronizzazione effettuata
[sab 17 mag 2025, 07:00:02, CEST] - Sincronizzazione effettuata
[sab 17 mag 2025, 08:00:02, CEST] - Sincronizzazione effettuata
[sab 17 mag 2025, 09:00:02, CEST] - Sincronizzazione effettuata
[sab 17 mag 2025, 10:00:03, CEST] - Sincronizzazione effettuata
[sab 17 mag 2025, 11:00:03, CEST] - Sincronizzazione effettuata
[sab 17 mag 2025, 12:00:03, CEST] - Sincronizzazione effettuata
[sab 17 mag 2025, 13:00:03, CEST] - Sincronizzazione effettuata
[sab 17 mag 2025, 14:00:02, CEST] - Sincronizzazione effettuata
[sab 17 mag 2025, 15:00:02, CEST] - Sincronizzazione effettuata
[sab 17 mag 2025, 16:00:03, CEST] - Sincronizzazione effettuata
[sab 17 mag 2025, 17:00:03, CEST] - Sincronizzazione effettuata
[sab 17 mag 2025, 18:00:03, CEST] - Sincronizzazione effettuata
[sab 17 mag 2025, 19:00:03, CEST] - Sincronizzazione effettuata
[sab 17 mag 2025, 20:00:03, CEST] - Sincronizzazione effettuata
[sab 17 mag 2025, 21:00:03, CEST] - Sincronizzazione effettuata
[sab 17 mag 2025, 22:00:03, CEST] - Sincronizzazione effettuata
[sab 17 mag 2025, 23:00:02, CEST] - Sincronizzazione effettuata
[dom 18 mag 2025, 00:00:03, CEST] - Sincronizzazione effettuata
[dom 18 mag 2025, 01:00:03, CEST] - Sincronizzazione effettuata
[dom 18 mag 2025, 02:00:03, CEST] - Sincronizzazione effettuata
[dom 18 mag 2025, 03:00:03, CEST] - Sincronizzazione effettuata
[dom 18 mag 2025, 04:00:03, CEST] - Sincronizzazione effettuata
[dom 18 mag 2025, 05:00:03, CEST] - Sincronizzazione effettuata
[dom 18 mag 2025, 06:00:03, CEST] - Sincronizzazione effettuata
[dom 18 mag 2025, 07:00:02, CEST] - Sincronizzazione effettuata
[dom 18 mag 2025, 08:00:03, CEST] - Sincronizzazione effettuata
[dom 18 mag 2025, 09:00:02, CEST] - Sincronizzazione effettuata
[dom 18 mag 2025, 10:00:02, CEST] - Sincronizzazione effettuata
[dom 18 mag 2025, 11:00:02, CEST] - Sincronizzazione effettuata
[dom 18 mag 2025, 12:00:03, CEST] - Sincronizzazione effettuata
[dom 18 mag 2025, 13:00:03, CEST] - Sincronizzazione effettuata
[dom 18 mag 2025, 14:00:03, CEST] - Sincronizzazione effettuata
[dom 18 mag 2025, 15:00:03, CEST] - Sincronizzazione effettuata
[dom 18 mag 2025, 16:00:03, CEST] - Sincronizzazione effettuata
[dom 18 mag 2025, 17:00:03, CEST] - Sincronizzazione effettuata
[dom 18 mag 2025, 18:00:03, CEST] - Sincronizzazione effettuata
[dom 18 mag 2025, 19:00:03, CEST] - Sincronizzazione effettuata
[dom 18 mag 2025, 20:00:03, CEST] - Sincronizzazione effettuata
[dom 18 mag 2025, 21:00:03, CEST] - Sincronizzazione effettuata
[dom 18 mag 2025, 22:00:02, CEST] - Sincronizzazione effettuata
[dom 18 mag 2025, 23:00:02, CEST] - Sincronizzazione effettuata
[lun 19 mag 2025, 00:00:03, CEST] - Sincronizzazione effettuata
[lun 19 mag 2025, 01:00:03, CEST] - Sincronizzazione effettuata
[lun 19 mag 2025, 02:00:03, CEST] - Sincronizzazione effettuata
[lun 19 mag 2025, 03:00:02, CEST] - Sincronizzazione effettuata
[lun 19 mag 2025, 04:00:03, CEST] - Sincronizzazione effettuata
[lun 19 mag 2025, 05:00:03, CEST] - Sincronizzazione effettuata
[lun 19 mag 2025, 06:00:02, CEST] - Sincronizzazione effettuata
[lun 19 mag 2025, 07:00:02, CEST] - Sincronizzazione effettuata
[lun 19 mag 2025, 08:00:03, CEST] - Sincronizzazione effettuata
[lun 19 mag 2025, 09:00:03, CEST] - Sincronizzazione effettuata
[lun 19 mag 2025, 10:00:03, CEST] - Sincronizzazione effettuata
[lun 19 mag 2025, 11:00:03, CEST] - Sincronizzazione effettuata
[lun 19 mag 2025, 12:00:03, CEST] - Sincronizzazione effettuata
[lun 19 mag 2025, 13:00:03, CEST] - Sincronizzazione effettuata
[lun 19 mag 2025, 14:00:03, CEST] - Sincronizzazione effettuata
[lun 19 mag 2025, 15:00:03, CEST] - Sincronizzazione effettuata
[lun 19 mag 2025, 16:00:03, CEST] - Sincronizzazione effettuata
[lun 19 mag 2025, 17:00:03, CEST] - Sincronizzazione effettuata
[lun 19 mag 2025, 18:00:06, CEST] - Sincronizzazione effettuata
[lun 19 mag 2025, 19:00:02, CEST] - Sincronizzazione effettuata
[lun 19 mag 2025, 20:00:03, CEST] - Sincronizzazione effettuata
[lun 19 mag 2025, 21:00:03, CEST] - Sincronizzazione effettuata
[lun 19 mag 2025, 22:00:03, CEST] - Sincronizzazione effettuata
[lun 19 mag 2025, 23:00:03, CEST] - Sincronizzazione effettuata
[mar 20 mag 2025, 00:00:03, CEST] - Sincronizzazione effettuata
[mar 20 mag 2025, 01:00:03, CEST] - Sincronizzazione effettuata
[mar 20 mag 2025, 02:00:03, CEST] - Sincronizzazione effettuata
[mar 20 mag 2025, 03:00:03, CEST] - Sincronizzazione effettuata
[mar 20 mag 2025, 04:00:03, CEST] - Sincronizzazione effettuata
[mar 20 mag 2025, 05:00:03, CEST] - Sincronizzazione effettuata
[mar 20 mag 2025, 06:00:03, CEST] - Sincronizzazione effettuata
[mar 20 mag 2025, 07:00:03, CEST] - Sincronizzazione effettuata
[mar 20 mag 2025, 08:00:03, CEST] - Sincronizzazione effettuata
[mar 20 mag 2025, 09:00:02, CEST] - Sincronizzazione effettuata
[mar 20 mag 2025, 10:00:02, CEST] - Sincronizzazione effettuata
[mar 20 mag 2025, 11:00:03, CEST] - Sincronizzazione effettuata
[mar 20 mag 2025, 12:00:03, CEST] - Sincronizzazione effettuata
[mar 20 mag 2025, 13:00:03, CEST] - Sincronizzazione effettuata
[mar 20 mag 2025, 14:00:03, CEST] - Sincronizzazione effettuata
[mar 20 mag 2025, 15:00:03, CEST] - Sincronizzazione effettuata
[mar 20 mag 2025, 16:00:03, CEST] - Sincronizzazione effettuata
[mar 20 mag 2025, 17:00:03, CEST] - Sincronizzazione effettuata
[mar 20 mag 2025, 18:00:03, CEST] - Sincronizzazione effettuata
[mar 20 mag 2025, 19:00:03, CEST] - Sincronizzazione effettuata
[mar 20 mag 2025, 20:00:03, CEST] - Sincronizzazione effettuata
[mar 20 mag 2025, 21:00:03, CEST] - Sincronizzazione effettuata
[mar 20 mag 2025, 22:00:03, CEST] - Sincronizzazione effettuata
[mar 20 mag 2025, 23:00:03, CEST] - Sincronizzazione effettuata
[mer 21 mag 2025, 00:00:03, CEST] - Sincronizzazione effettuata
[mer 21 mag 2025, 01:00:03, CEST] - Sincronizzazione effettuata
[mer 21 mag 2025, 02:00:03, CEST] - Sincronizzazione effettuata
[mer 21 mag 2025, 03:00:03, CEST] - Sincronizzazione effettuata
[mer 21 mag 2025, 04:00:03, CEST] - Sincronizzazione effettuata
[mer 21 mag 2025, 05:00:03, CEST] - Sincronizzazione effettuata
[mer 21 mag 2025, 06:00:03, CEST] - Sincronizzazione effettuata
[mer 21 mag 2025, 07:00:02, CEST] - Sincronizzazione effettuata
[mer 21 mag 2025, 08:00:02, CEST] - Sincronizzazione effettuata
[mer 21 mag 2025, 09:00:03, CEST] - Sincronizzazione effettuata
[mer 21 mag 2025, 10:00:03, CEST] - Sincronizzazione effettuata
[mer 21 mag 2025, 11:00:03, CEST] - Sincronizzazione effettuata
[mer 21 mag 2025, 12:00:03, CEST] - Sincronizzazione effettuata
[mer 21 mag 2025, 13:00:03, CEST] - Sincronizzazione effettuata
[mer 21 mag 2025, 14:00:03, CEST] - Sincronizzazione effettuata
[mer 21 mag 2025, 15:00:03, CEST] - Sincronizzazione effettuata
[mer 21 mag 2025, 16:00:08, CEST] - Sincronizzazione effettuata
[mer 21 mag 2025, 17:00:03, CEST] - Sincronizzazione effettuata
[mer 21 mag 2025, 18:00:03, CEST] - Sincronizzazione effettuata
[mer 21 mag 2025, 19:00:03, CEST] - Sincronizzazione effettuata
[mer 21 mag 2025, 20:00:03, CEST] - Sincronizzazione effettuata
[mer 21 mag 2025, 21:00:03, CEST] - Sincronizzazione effettuata
[mer 21 mag 2025, 22:00:03, CEST] - Sincronizzazione effettuata
[mer 21 mag 2025, 23:00:02, CEST] - Sincronizzazione effettuata
[gio 22 mag 2025, 00:00:03, CEST] - Sincronizzazione effettuata
[gio 22 mag 2025, 01:00:03, CEST] - Sincronizzazione effettuata
[gio 22 mag 2025, 02:00:03, CEST] - Sincronizzazione effettuata
[gio 22 mag 2025, 03:00:03, CEST] - Sincronizzazione effettuata
[gio 22 mag 2025, 04:00:02, CEST] - Sincronizzazione effettuata
[gio 22 mag 2025, 05:00:03, CEST] - Sincronizzazione effettuata
[gio 22 mag 2025, 06:00:03, CEST] - Sincronizzazione effettuata
[gio 22 mag 2025, 07:00:03, CEST] - Sincronizzazione effettuata
[gio 22 mag 2025, 08:00:03, CEST] - Sincronizzazione effettuata
[gio 22 mag 2025, 09:00:03, CEST] - Sincronizzazione effettuata
[gio 22 mag 2025, 12:00:03, CEST] - Sincronizzazione effettuata
[gio 22 mag 2025, 13:00:03, CEST] - Sincronizzazione effettuata
[gio 22 mag 2025, 14:00:03, CEST] - Sincronizzazione effettuata
[gio 22 mag 2025, 15:00:03, CEST] - Sincronizzazione effettuata
[gio 22 mag 2025, 16:00:03, CEST] - Sincronizzazione effettuata
[gio 22 mag 2025, 17:00:03, CEST] - Sincronizzazione effettuata
[gio 22 mag 2025, 18:00:03, CEST] - Sincronizzazione effettuata
[gio 22 mag 2025, 19:00:03, CEST] - Sincronizzazione effettuata
[gio 22 mag 2025, 20:00:02, CEST] - Sincronizzazione effettuata
[gio 22 mag 2025, 21:00:02, CEST] - Sincronizzazione effettuata
[gio 22 mag 2025, 22:00:03, CEST] - Sincronizzazione effettuata
[gio 22 mag 2025, 23:00:03, CEST] - Sincronizzazione effettuata
[ven 23 mag 2025, 00:00:03, CEST] - Sincronizzazione effettuata
[ven 23 mag 2025, 01:00:03, CEST] - Sincronizzazione effettuata
[ven 23 mag 2025, 02:00:03, CEST] - Sincronizzazione effettuata
[ven 23 mag 2025, 03:00:03, CEST] - Sincronizzazione effettuata
[ven 23 mag 2025, 04:00:03, CEST] - Sincronizzazione effettuata
[ven 23 mag 2025, 05:00:03, CEST] - Sincronizzazione effettuata
[ven 23 mag 2025, 06:00:03, CEST] - Sincronizzazione effettuata
[ven 23 mag 2025, 07:00:02, CEST] - Sincronizzazione effettuata
[ven 23 mag 2025, 08:00:02, CEST] - Sincronizzazione effettuata
[ven 23 mag 2025, 09:00:03, CEST] - Sincronizzazione effettuata
[ven 23 mag 2025, 10:00:03, CEST] - Sincronizzazione effettuata
[ven 23 mag 2025, 11:00:03, CEST] - Sincronizzazione effettuata
[ven 23 mag 2025, 12:00:03, CEST] - Sincronizzazione effettuata
[ven 23 mag 2025, 13:00:03, CEST] - Sincronizzazione effettuata
[ven 23 mag 2025, 14:00:03, CEST] - Sincronizzazione effettuata
[ven 23 mag 2025, 15:00:03, CEST] - Sincronizzazione effettuata
[ven 23 mag 2025, 16:00:03, CEST] - Sincronizzazione effettuata
[ven 23 mag 2025, 17:00:02, CEST] - Sincronizzazione effettuata
[sab 24 mag 2025, 19:00:04, CEST] - Sincronizzazione effettuata
[sab 24 mag 2025, 20:00:02, CEST] - Sincronizzazione effettuata
[sab 24 mag 2025, 21:00:02, CEST] - Sincronizzazione effettuata
[sab 24 mag 2025, 22:00:03, CEST] - Sincronizzazione effettuata
[sab 24 mag 2025, 23:00:03, CEST] - Sincronizzazione effettuata
[dom 25 mag 2025, 00:00:03, CEST] - Sincronizzazione effettuata
[dom 25 mag 2025, 01:00:02, CEST] - Sincronizzazione effettuata
[dom 25 mag 2025, 02:00:03, CEST] - Sincronizzazione effettuata
[dom 25 mag 2025, 03:00:03, CEST] - Sincronizzazione effettuata
[dom 25 mag 2025, 04:00:03, CEST] - Sincronizzazione effettuata
[dom 25 mag 2025, 05:00:03, CEST] - Sincronizzazione effettuata
[dom 25 mag 2025, 06:00:02, CEST] - Sincronizzazione effettuata
[dom 25 mag 2025, 07:00:03, CEST] - Sincronizzazione effettuata
[dom 25 mag 2025, 08:00:03, CEST] - Sincronizzazione effettuata
[dom 25 mag 2025, 09:00:03, CEST] - Sincronizzazione effettuata
[dom 25 mag 2025, 10:00:03, CEST] - Sincronizzazione effettuata
[dom 25 mag 2025, 11:00:02, CEST] - Sincronizzazione effettuata
[dom 25 mag 2025, 12:00:02, CEST] - Sincronizzazione effettuata
[dom 25 mag 2025, 13:00:03, CEST] - Sincronizzazione effettuata
[mer 28 mag 2025, 10:00:09, CEST] - Sincronizzazione effettuata
[mer 28 mag 2025, 11:00:03, CEST] - Sincronizzazione effettuata
[mer 28 mag 2025, 12:00:03, CEST] - Sincronizzazione effettuata
[mer 28 mag 2025, 13:00:03, CEST] - Sincronizzazione effettuata
[mer 28 mag 2025, 14:00:02, CEST] - Sincronizzazione effettuata
[mer 28 mag 2025, 15:00:03, CEST] - Sincronizzazione effettuata
[mer 28 mag 2025, 16:00:03, CEST] - Sincronizzazione effettuata
[mer 28 mag 2025, 17:00:04, CEST] - Sincronizzazione effettuata
[mer 28 mag 2025, 18:00:02, CEST] - Sincronizzazione effettuata
[gio 29 mag 2025, 09:00:03, CEST] - Sincronizzazione effettuata
[gio 29 mag 2025, 10:00:03, CEST] - Sincronizzazione effettuata
[gio 29 mag 2025, 11:00:03, CEST] - Sincronizzazione effettuata
[gio 29 mag 2025, 12:00:04, CEST] - Sincronizzazione effettuata
[gio 29 mag 2025, 13:00:03, CEST] - Sincronizzazione effettuata
[gio 29 mag 2025, 14:00:04, CEST] - Sincronizzazione effettuata
[gio 29 mag 2025, 15:00:03, CEST] - Sincronizzazione effettuata
[gio 29 mag 2025, 16:00:03, CEST] - Sincronizzazione effettuata
[gio 29 mag 2025, 17:00:02, CEST] - Sincronizzazione effettuata
[gio 29 mag 2025, 18:00:02, CEST] - Sincronizzazione effettuata
[gio 29 mag 2025, 19:00:03, CEST] - Sincronizzazione effettuata
[gio 29 mag 2025, 20:00:03, CEST] - Sincronizzazione effettuata
[gio 29 mag 2025, 21:00:03, CEST] - Sincronizzazione effettuata
[gio 29 mag 2025, 22:00:03, CEST] - Sincronizzazione effettuata
[gio 29 mag 2025, 23:00:02, CEST] - Sincronizzazione effettuata
[ven 30 mag 2025, 00:00:02, CEST] - Sincronizzazione effettuata
[ven 30 mag 2025, 01:00:03, CEST] - Sincronizzazione effettuata
[ven 30 mag 2025, 02:00:03, CEST] - Sincronizzazione effettuata
[ven 30 mag 2025, 03:00:03, CEST] - Sincronizzazione effettuata
[ven 30 mag 2025, 04:00:02, CEST] - Sincronizzazione effettuata
[ven 30 mag 2025, 05:00:03, CEST] - Sincronizzazione effettuata
[ven 30 mag 2025, 06:00:03, CEST] - Sincronizzazione effettuata
[ven 30 mag 2025, 07:00:03, CEST] - Sincronizzazione effettuata
[ven 30 mag 2025, 08:00:03, CEST] - Sincronizzazione effettuata
[ven 30 mag 2025, 09:00:03, CEST] - Sincronizzazione effettuata
[ven 30 mag 2025, 10:00:03, CEST] - Sincronizzazione effettuata
[ven 30 mag 2025, 11:00:03, CEST] - Sincronizzazione effettuata
[ven 30 mag 2025, 12:00:03, CEST] - Sincronizzazione effettuata
[ven 30 mag 2025, 13:00:03, CEST] - Sincronizzazione effettuata
[ven 30 mag 2025, 14:00:03, CEST] - Sincronizzazione effettuata
[ven 30 mag 2025, 15:00:03, CEST] - Sincronizzazione effettuata
[ven 30 mag 2025, 16:00:03, CEST] - Sincronizzazione effettuata
[ven 30 mag 2025, 17:00:03, CEST] - Sincronizzazione effettuata
[ven 30 mag 2025, 18:00:03, CEST] - Sincronizzazione effettuata
[ven 30 mag 2025, 19:00:03, CEST] - Sincronizzazione effettuata
[ven 30 mag 2025, 20:00:02, CEST] - Sincronizzazione effettuata
[ven 30 mag 2025, 21:00:02, CEST] - Sincronizzazione effettuata
[ven 30 mag 2025, 22:00:03, CEST] - Sincronizzazione effettuata
[ven 30 mag 2025, 23:00:03, CEST] - Sincronizzazione effettuata
[sab 31 mag 2025, 00:00:03, CEST] - Sincronizzazione effettuata
[sab 31 mag 2025, 01:00:03, CEST] - Sincronizzazione effettuata
[sab 31 mag 2025, 02:00:03, CEST] - Sincronizzazione effettuata
[sab 31 mag 2025, 03:00:03, CEST] - Sincronizzazione effettuata
[sab 31 mag 2025, 04:00:02, CEST] - Sincronizzazione effettuata
[sab 31 mag 2025, 05:00:03, CEST] - Sincronizzazione effettuata
[sab 31 mag 2025, 06:00:03, CEST] - Sincronizzazione effettuata
[sab 31 mag 2025, 07:00:02, CEST] - Sincronizzazione effettuata
[sab 31 mag 2025, 08:00:03, CEST] - Sincronizzazione effettuata
[sab 31 mag 2025, 09:00:03, CEST] - Sincronizzazione effettuata
[sab 31 mag 2025, 10:00:03, CEST] - Sincronizzazione effettuata
[sab 31 mag 2025, 11:00:03, CEST] - Sincronizzazione effettuata
[sab 31 mag 2025, 12:00:03, CEST] - Sincronizzazione effettuata
[sab 31 mag 2025, 13:00:03, CEST] - Sincronizzazione effettuata
[sab 31 mag 2025, 14:00:02, CEST] - Sincronizzazione effettuata
[sab 31 mag 2025, 15:00:02, CEST] - Sincronizzazione effettuata
[sab 31 mag 2025, 16:00:03, CEST] - Sincronizzazione effettuata
[sab 31 mag 2025, 17:00:03, CEST] - Sincronizzazione effettuata
[sab 31 mag 2025, 18:00:02, CEST] - Sincronizzazione effettuata
[sab 31 mag 2025, 19:00:02, CEST] - Sincronizzazione effettuata
[sab 31 mag 2025, 20:00:03, CEST] - Sincronizzazione effettuata
[sab 31 mag 2025, 21:00:03, CEST] - Sincronizzazione effettuata
[sab 31 mag 2025, 22:00:03, CEST] - Sincronizzazione effettuata
[sab 31 mag 2025, 23:00:02, CEST] - Sincronizzazione effettuata
[dom 1 giu 2025, 00:00:02, CEST] - Sincronizzazione effettuata
[dom 1 giu 2025, 01:00:03, CEST] - Sincronizzazione effettuata
[dom 1 giu 2025, 02:00:03, CEST] - Sincronizzazione effettuata
[dom 1 giu 2025, 03:00:02, CEST] - Sincronizzazione effettuata
[dom 1 giu 2025, 04:00:02, CEST] - Sincronizzazione effettuata
[dom 1 giu 2025, 05:00:02, CEST] - Sincronizzazione effettuata
[dom 1 giu 2025, 06:00:03, CEST] - Sincronizzazione effettuata
[dom 1 giu 2025, 07:00:03, CEST] - Sincronizzazione effettuata
[dom 1 giu 2025, 08:00:03, CEST] - Sincronizzazione effettuata
[dom 1 giu 2025, 09:00:03, CEST] - Sincronizzazione effettuata
[dom 1 giu 2025, 10:00:03, CEST] - Sincronizzazione effettuata
[dom 1 giu 2025, 11:00:02, CEST] - Sincronizzazione effettuata
[dom 1 giu 2025, 12:00:03, CEST] - Sincronizzazione effettuata
[dom 1 giu 2025, 13:00:03, CEST] - Sincronizzazione effettuata
[dom 1 giu 2025, 14:00:03, CEST] - Sincronizzazione effettuata
[dom 1 giu 2025, 15:00:02, CEST] - Sincronizzazione effettuata
[dom 1 giu 2025, 16:00:02, CEST] - Sincronizzazione effettuata
[dom 1 giu 2025, 17:00:02, CEST] - Sincronizzazione effettuata
[dom 1 giu 2025, 18:00:03, CEST] - Sincronizzazione effettuata
[dom 1 giu 2025, 19:00:03, CEST] - Sincronizzazione effettuata
[dom 1 giu 2025, 20:00:03, CEST] - Sincronizzazione effettuata
[dom 1 giu 2025, 21:00:02, CEST] - Sincronizzazione effettuata
[dom 1 giu 2025, 22:00:03, CEST] - Sincronizzazione effettuata
[dom 1 giu 2025, 23:00:03, CEST] - Sincronizzazione effettuata
[lun 2 giu 2025, 00:00:03, CEST] - Sincronizzazione effettuata
[lun 2 giu 2025, 01:00:02, CEST] - Sincronizzazione effettuata
[lun 2 giu 2025, 02:00:03, CEST] - Sincronizzazione effettuata
[lun 2 giu 2025, 03:00:02, CEST] - Sincronizzazione effettuata
[lun 2 giu 2025, 04:00:03, CEST] - Sincronizzazione effettuata
[lun 2 giu 2025, 05:00:03, CEST] - Sincronizzazione effettuata
[lun 2 giu 2025, 06:00:02, CEST] - Sincronizzazione effettuata
[lun 2 giu 2025, 07:00:02, CEST] - Sincronizzazione effettuata
[lun 2 giu 2025, 08:00:03, CEST] - Sincronizzazione effettuata
[lun 2 giu 2025, 09:00:03, CEST] - Sincronizzazione effettuata
[lun 2 giu 2025, 10:00:03, CEST] - Sincronizzazione effettuata
[lun 2 giu 2025, 11:00:03, CEST] - Sincronizzazione effettuata
[lun 2 giu 2025, 12:00:03, CEST] - Sincronizzazione effettuata
[lun 2 giu 2025, 13:00:03, CEST] - Sincronizzazione effettuata
[lun 2 giu 2025, 14:00:03, CEST] - Sincronizzazione effettuata
[lun 2 giu 2025, 15:00:02, CEST] - Sincronizzazione effettuata
[lun 2 giu 2025, 16:00:02, CEST] - Sincronizzazione effettuata
[lun 2 giu 2025, 17:00:03, CEST] - Sincronizzazione effettuata
[lun 2 giu 2025, 18:00:03, CEST] - Sincronizzazione effettuata
[lun 2 giu 2025, 19:00:03, CEST] - Sincronizzazione effettuata
[lun 2 giu 2025, 20:00:07, CEST] - Sincronizzazione effettuata
[lun 2 giu 2025, 21:00:03, CEST] - Sincronizzazione effettuata
[lun 2 giu 2025, 22:00:03, CEST] - Sincronizzazione effettuata
[lun 2 giu 2025, 23:00:02, CEST] - Sincronizzazione effettuata
[mar 3 giu 2025, 18:00:04, CEST] - Sincronizzazione effettuata
[mar 3 giu 2025, 19:00:03, CEST] - Sincronizzazione effettuata
[mar 3 giu 2025, 20:00:03, CEST] - Sincronizzazione effettuata
[mar 3 giu 2025, 21:00:03, CEST] - Sincronizzazione effettuata
[mar 3 giu 2025, 22:00:03, CEST] - Sincronizzazione effettuata
[mar 3 giu 2025, 23:00:03, CEST] - Sincronizzazione effettuata
[mer 4 giu 2025, 00:00:02, CEST] - Sincronizzazione effettuata
[mer 4 giu 2025, 01:00:03, CEST] - Sincronizzazione effettuata
[mer 4 giu 2025, 02:00:03, CEST] - Sincronizzazione effettuata
[mer 4 giu 2025, 03:00:03, CEST] - Sincronizzazione effettuata
[mer 4 giu 2025, 04:00:03, CEST] - Sincronizzazione effettuata
[mer 4 giu 2025, 05:00:03, CEST] - Sincronizzazione effettuata
[mer 4 giu 2025, 06:00:02, CEST] - Sincronizzazione effettuata
[mer 4 giu 2025, 07:00:02, CEST] - Sincronizzazione effettuata
[mer 4 giu 2025, 08:00:03, CEST] - Sincronizzazione effettuata
[mer 4 giu 2025, 09:00:03, CEST] - Sincronizzazione effettuata
[mer 4 giu 2025, 10:00:03, CEST] - Sincronizzazione effettuata
[mer 4 giu 2025, 11:00:03, CEST] - Sincronizzazione effettuata
[mer 4 giu 2025, 12:00:03, CEST] - Sincronizzazione effettuata
[mer 4 giu 2025, 13:00:03, CEST] - Sincronizzazione effettuata
[mer 4 giu 2025, 14:00:03, CEST] - Sincronizzazione effettuata
[mer 4 giu 2025, 15:00:03, CEST] - Sincronizzazione effettuata
[mer 4 giu 2025, 16:00:02, CEST] - Sincronizzazione effettuata
[mer 4 giu 2025, 17:00:03, CEST] - Sincronizzazione effettuata
[mer 4 giu 2025, 18:00:03, CEST] - Sincronizzazione effettuata
[mer 4 giu 2025, 19:00:03, CEST] - Sincronizzazione effettuata
[mer 4 giu 2025, 20:00:03, CEST] - Sincronizzazione effettuata
[mer 4 giu 2025, 21:00:03, CEST] - Sincronizzazione effettuata
[mer 4 giu 2025, 22:00:03, CEST] - Sincronizzazione effettuata
[mer 4 giu 2025, 23:00:03, CEST] - Sincronizzazione effettuata
[gio 5 giu 2025, 00:00:03, CEST] - Sincronizzazione effettuata
[gio 5 giu 2025, 01:00:02, CEST] - Sincronizzazione effettuata
[gio 5 giu 2025, 02:00:02, CEST] - Sincronizzazione effettuata
[gio 5 giu 2025, 03:00:03, CEST] - Sincronizzazione effettuata
[gio 5 giu 2025, 04:00:03, CEST] - Sincronizzazione effettuata
[gio 5 giu 2025, 05:00:03, CEST] - Sincronizzazione effettuata
[gio 5 giu 2025, 06:00:03, CEST] - Sincronizzazione effettuata
[gio 5 giu 2025, 07:00:03, CEST] - Sincronizzazione effettuata
[gio 5 giu 2025, 08:00:02, CEST] - Sincronizzazione effettuata
[gio 5 giu 2025, 09:00:02, CEST] - Sincronizzazione effettuata
[gio 5 giu 2025, 10:00:02, CEST] - Sincronizzazione effettuata
[gio 5 giu 2025, 11:00:03, CEST] - Sincronizzazione effettuata
[gio 5 giu 2025, 12:00:03, CEST] - Sincronizzazione effettuata
[gio 5 giu 2025, 13:00:03, CEST] - Sincronizzazione effettuata
[gio 5 giu 2025, 14:00:03, CEST] - Sincronizzazione effettuata
[gio 5 giu 2025, 15:00:02, CEST] - Sincronizzazione effettuata
[gio 5 giu 2025, 16:00:02, CEST] - Sincronizzazione effettuata
[gio 5 giu 2025, 17:00:02, CEST] - Sincronizzazione effettuata
[gio 5 giu 2025, 18:00:03, CEST] - Sincronizzazione effettuata
[gio 5 giu 2025, 19:00:03, CEST] - Sincronizzazione effettuata
[gio 5 giu 2025, 20:00:03, CEST] - Sincronizzazione effettuata
[gio 5 giu 2025, 21:00:03, CEST] - Sincronizzazione effettuata
[gio 5 giu 2025, 22:00:03, CEST] - Sincronizzazione effettuata
[gio 5 giu 2025, 23:00:02, CEST] - Sincronizzazione effettuata
[ven 6 giu 2025, 00:00:03, CEST] - Sincronizzazione effettuata
[ven 6 giu 2025, 01:00:02, CEST] - Sincronizzazione effettuata
[ven 6 giu 2025, 02:00:04, CEST] - Sincronizzazione effettuata
[ven 6 giu 2025, 03:00:03, CEST] - Sincronizzazione effettuata
[ven 6 giu 2025, 04:00:03, CEST] - Sincronizzazione effettuata
[ven 6 giu 2025, 05:00:03, CEST] - Sincronizzazione effettuata
[ven 6 giu 2025, 06:00:03, CEST] - Sincronizzazione effettuata
[ven 6 giu 2025, 07:00:03, CEST] - Sincronizzazione effettuata
[ven 6 giu 2025, 08:00:02, CEST] - Sincronizzazione effettuata
[ven 6 giu 2025, 09:00:03, CEST] - Sincronizzazione effettuata
[ven 6 giu 2025, 10:00:03, CEST] - Sincronizzazione effettuata
[ven 6 giu 2025, 11:00:03, CEST] - Sincronizzazione effettuata
[ven 6 giu 2025, 12:00:03, CEST] - Sincronizzazione effettuata
[ven 6 giu 2025, 13:00:03, CEST] - Sincronizzazione effettuata
[ven 6 giu 2025, 14:00:03, CEST] - Sincronizzazione effettuata
[ven 6 giu 2025, 15:00:03, CEST] - Sincronizzazione effettuata
[ven 6 giu 2025, 16:00:03, CEST] - Sincronizzazione effettuata
[ven 6 giu 2025, 17:00:03, CEST] - Sincronizzazione effettuata
[ven 6 giu 2025, 18:00:04, CEST] - Sincronizzazione effettuata
[ven 6 giu 2025, 19:00:02, CEST] - Sincronizzazione effettuata
[ven 6 giu 2025, 20:00:02, CEST] - Sincronizzazione effettuata
[ven 6 giu 2025, 21:00:03, CEST] - Sincronizzazione effettuata
[ven 6 giu 2025, 22:00:03, CEST] - Sincronizzazione effettuata
[ven 6 giu 2025, 23:00:03, CEST] - Sincronizzazione effettuata
[sab 7 giu 2025, 00:00:03, CEST] - Sincronizzazione effettuata
[sab 7 giu 2025, 01:00:03, CEST] - Sincronizzazione effettuata
[sab 7 giu 2025, 02:00:03, CEST] - Sincronizzazione effettuata
[sab 7 giu 2025, 03:00:03, CEST] - Sincronizzazione effettuata
[sab 7 giu 2025, 04:00:03, CEST] - Sincronizzazione effettuata
[sab 7 giu 2025, 05:00:03, CEST] - Sincronizzazione effettuata
[sab 7 giu 2025, 06:00:03, CEST] - Sincronizzazione effettuata
[sab 7 giu 2025, 07:00:02, CEST] - Sincronizzazione effettuata
[sab 7 giu 2025, 08:00:02, CEST] - Sincronizzazione effettuata
[sab 7 giu 2025, 09:00:03, CEST] - Sincronizzazione effettuata
[sab 7 giu 2025, 10:00:03, CEST] - Sincronizzazione effettuata
[sab 7 giu 2025, 11:00:03, CEST] - Sincronizzazione effettuata
[sab 7 giu 2025, 12:00:03, CEST] - Sincronizzazione effettuata
[sab 7 giu 2025, 13:00:03, CEST] - Sincronizzazione effettuata
[sab 7 giu 2025, 14:00:02, CEST] - Sincronizzazione effettuata
[sab 7 giu 2025, 15:00:06, CEST] - Sincronizzazione effettuata
[sab 7 giu 2025, 16:00:03, CEST] - Sincronizzazione effettuata
[sab 7 giu 2025, 17:00:03, CEST] - Sincronizzazione effettuata
[sab 7 giu 2025, 18:00:03, CEST] - Sincronizzazione effettuata
[sab 7 giu 2025, 19:00:03, CEST] - Sincronizzazione effettuata
[sab 7 giu 2025, 20:00:03, CEST] - Sincronizzazione effettuata
[sab 7 giu 2025, 21:00:02, CEST] - Sincronizzazione effettuata
[sab 7 giu 2025, 22:00:02, CEST] - Sincronizzazione effettuata
[sab 7 giu 2025, 23:00:03, CEST] - Sincronizzazione effettuata
[dom 8 giu 2025, 00:00:03, CEST] - Sincronizzazione effettuata
[dom 8 giu 2025, 01:00:03, CEST] - Sincronizzazione effettuata
[dom 8 giu 2025, 02:00:03, CEST] - Sincronizzazione effettuata
[dom 8 giu 2025, 03:00:03, CEST] - Sincronizzazione effettuata
[dom 8 giu 2025, 04:00:02, CEST] - Sincronizzazione effettuata
[dom 8 giu 2025, 05:00:06, CEST] - Sincronizzazione effettuata
[dom 8 giu 2025, 06:00:03, CEST] - Sincronizzazione effettuata
[dom 8 giu 2025, 07:00:03, CEST] - Sincronizzazione effettuata
[dom 8 giu 2025, 08:00:03, CEST] - Sincronizzazione effettuata
[dom 8 giu 2025, 09:00:02, CEST] - Sincronizzazione effettuata
[dom 8 giu 2025, 10:00:02, CEST] - Sincronizzazione effettuata
[dom 8 giu 2025, 11:00:03, CEST] - Sincronizzazione effettuata
